2025-11-02 19:28:46,056 [Worker-6: Loading available Gradle versions] INFO  o.e.b.c.i.u.g.PublishedGradleVersions - Gradle version information cache is up-to-date. Trying to read.
2025-11-02 19:35:14,285 [ModalContext] INFO  o.e.m.c.i.e.AbstractTransferListenerAdapter - Downloading https://repo.maven.apache.org/maven2/org/apache/maven/archetypes/maven-archetype-quickstart/1.5/maven-archetype-quickstart-1.5.pom
2025-11-02 19:35:14,368 [ModalContext] INFO  o.e.m.c.i.e.AbstractTransferListenerAdapter - Downloaded https://repo.maven.apache.org/maven2/org/apache/maven/archetypes/maven-archetype-quickstart/1.5/maven-archetype-quickstart-1.5.pom
2025-11-02 19:35:14,745 [ModalContext] INFO  o.e.m.c.i.e.AbstractTransferListenerAdapter - Downloading https://repo.maven.apache.org/maven2/org/apache/maven/archetypes/maven-archetype-quickstart/1.5/maven-archetype-quickstart-1.5.jar
2025-11-02 19:35:15,018 [ModalContext] INFO  o.e.m.c.i.e.AbstractTransferListenerAdapter - Downloaded https://repo.maven.apache.org/maven2/org/apache/maven/archetypes/maven-archetype-quickstart/1.5/maven-archetype-quickstart-1.5.jar
2025-11-02 19:36:08,124 [Worker-42: Launching mavenrun-da4ce445-9823-4da9-9e23-bf5ed9c1a7b4] INFO  o.eclipse.m2e.core.internal.Bundles - getClasspathEntries(Bundle=org.eclipse.m2e.maven.runtime_3.9.700.20240602-2313 [299])
2025-11-02 19:36:08,127 [Worker-42: Launching mavenrun-da4ce445-9823-4da9-9e23-bf5ed9c1a7b4] INFO  o.eclipse.m2e.core.internal.Bundles - 	Entry: C:\Users\leyre\.p2\pool\plugins\org.eclipse.m2e.maven.runtime_3.9.700.20240602-2313
2025-11-02 19:36:08,127 [Worker-42: Launching mavenrun-da4ce445-9823-4da9-9e23-bf5ed9c1a7b4] INFO  o.eclipse.m2e.core.internal.Bundles - 	Entry: C:\Users\leyre\.p2\pool\plugins\org.eclipse.m2e.maven.runtime_3.9.700.20240602-2313\jars\aopalliance-1.0.jar
2025-11-02 19:36:08,128 [Worker-42: Launching mavenrun-da4ce445-9823-4da9-9e23-bf5ed9c1a7b4] INFO  o.eclipse.m2e.core.internal.Bundles - 	Entry: C:\Users\leyre\.p2\pool\plugins\org.eclipse.m2e.maven.runtime_3.9.700.20240602-2313\jars\guice-5.1.0.jar
2025-11-02 19:36:08,128 [Worker-42: Launching mavenrun-da4ce445-9823-4da9-9e23-bf5ed9c1a7b4] INFO  o.eclipse.m2e.core.internal.Bundles - 	Entry: C:\Users\leyre\.p2\pool\plugins\org.eclipse.m2e.maven.runtime_3.9.700.20240602-2313\jars\httpclient-4.5.14.jar
2025-11-02 19:36:08,128 [Worker-42: Launching mavenrun-da4ce445-9823-4da9-9e23-bf5ed9c1a7b4] INFO  o.eclipse.m2e.core.internal.Bundles - 	Entry: C:\Users\leyre\.p2\pool\plugins\org.eclipse.m2e.maven.runtime_3.9.700.20240602-2313\jars\httpcore-4.4.16.jar
2025-11-02 19:36:08,129 [Worker-42: Launching mavenrun-da4ce445-9823-4da9-9e23-bf5ed9c1a7b4] INFO  o.eclipse.m2e.core.internal.Bundles - 	Entry: C:\Users\leyre\.p2\pool\plugins\org.eclipse.m2e.maven.runtime_3.9.700.20240602-2313\jars\jansi-2.4.1.jar
2025-11-02 19:36:08,129 [Worker-42: Launching mavenrun-da4ce445-9823-4da9-9e23-bf5ed9c1a7b4] INFO  o.eclipse.m2e.core.internal.Bundles - 	Entry: C:\Users\leyre\.p2\pool\plugins\org.eclipse.m2e.maven.runtime_3.9.700.20240602-2313\jars\jcl-over-slf4j-1.7.36.jar
2025-11-02 19:36:08,129 [Worker-42: Launching mavenrun-da4ce445-9823-4da9-9e23-bf5ed9c1a7b4] INFO  o.eclipse.m2e.core.internal.Bundles - 	Entry: C:\Users\leyre\.p2\pool\plugins\org.eclipse.m2e.maven.runtime_3.9.700.20240602-2313\jars\maven-artifact-3.9.7.jar
2025-11-02 19:36:08,129 [Worker-42: Launching mavenrun-da4ce445-9823-4da9-9e23-bf5ed9c1a7b4] INFO  o.eclipse.m2e.core.internal.Bundles - 	Entry: C:\Users\leyre\.p2\pool\plugins\org.eclipse.m2e.maven.runtime_3.9.700.20240602-2313\jars\maven-builder-support-3.9.7.jar
2025-11-02 19:36:08,130 [Worker-42: Launching mavenrun-da4ce445-9823-4da9-9e23-bf5ed9c1a7b4] INFO  o.eclipse.m2e.core.internal.Bundles - 	Entry: C:\Users\leyre\.p2\pool\plugins\org.eclipse.m2e.maven.runtime_3.9.700.20240602-2313\jars\maven-compat-3.9.7.jar
2025-11-02 19:36:08,130 [Worker-42: Launching mavenrun-da4ce445-9823-4da9-9e23-bf5ed9c1a7b4] INFO  o.eclipse.m2e.core.internal.Bundles - 	Entry: C:\Users\leyre\.p2\pool\plugins\org.eclipse.m2e.maven.runtime_3.9.700.20240602-2313\jars\maven-core-3.9.7.jar
2025-11-02 19:36:08,131 [Worker-42: Launching mavenrun-da4ce445-9823-4da9-9e23-bf5ed9c1a7b4] INFO  o.eclipse.m2e.core.internal.Bundles - 	Entry: C:\Users\leyre\.p2\pool\plugins\org.eclipse.m2e.maven.runtime_3.9.700.20240602-2313\jars\maven-embedder-3.9.7.jar
2025-11-02 19:36:08,131 [Worker-42: Launching mavenrun-da4ce445-9823-4da9-9e23-bf5ed9c1a7b4] INFO  o.eclipse.m2e.core.internal.Bundles - 	Entry: C:\Users\leyre\.p2\pool\plugins\org.eclipse.m2e.maven.runtime_3.9.700.20240602-2313\jars\maven-model-3.9.7.jar
2025-11-02 19:36:08,131 [Worker-42: Launching mavenrun-da4ce445-9823-4da9-9e23-bf5ed9c1a7b4] INFO  o.eclipse.m2e.core.internal.Bundles - 	Entry: C:\Users\leyre\.p2\pool\plugins\org.eclipse.m2e.maven.runtime_3.9.700.20240602-2313\jars\maven-model-builder-3.9.7.jar
2025-11-02 19:36:08,131 [Worker-42: Launching mavenrun-da4ce445-9823-4da9-9e23-bf5ed9c1a7b4] INFO  o.eclipse.m2e.core.internal.Bundles - 	Entry: C:\Users\leyre\.p2\pool\plugins\org.eclipse.m2e.maven.runtime_3.9.700.20240602-2313\jars\maven-plugin-api-3.9.7.jar
2025-11-02 19:36:08,133 [Worker-42: Launching mavenrun-da4ce445-9823-4da9-9e23-bf5ed9c1a7b4] INFO  o.eclipse.m2e.core.internal.Bundles - 	Entry: C:\Users\leyre\.p2\pool\plugins\org.eclipse.m2e.maven.runtime_3.9.700.20240602-2313\jars\maven-repository-metadata-3.9.7.jar
2025-11-02 19:36:08,133 [Worker-42: Launching mavenrun-da4ce445-9823-4da9-9e23-bf5ed9c1a7b4] INFO  o.eclipse.m2e.core.internal.Bundles - 	Entry: C:\Users\leyre\.p2\pool\plugins\org.eclipse.m2e.maven.runtime_3.9.700.20240602-2313\jars\maven-resolver-api-1.9.20.jar
2025-11-02 19:36:08,133 [Worker-42: Launching mavenrun-da4ce445-9823-4da9-9e23-bf5ed9c1a7b4] INFO  o.eclipse.m2e.core.internal.Bundles - 	Entry: C:\Users\leyre\.p2\pool\plugins\org.eclipse.m2e.maven.runtime_3.9.700.20240602-2313\jars\maven-resolver-connector-basic-1.9.20.jar
2025-11-02 19:36:08,134 [Worker-42: Launching mavenrun-da4ce445-9823-4da9-9e23-bf5ed9c1a7b4] INFO  o.eclipse.m2e.core.internal.Bundles - 	Entry: C:\Users\leyre\.p2\pool\plugins\org.eclipse.m2e.maven.runtime_3.9.700.20240602-2313\jars\maven-resolver-impl-1.9.20.jar
2025-11-02 19:36:08,134 [Worker-42: Launching mavenrun-da4ce445-9823-4da9-9e23-bf5ed9c1a7b4] INFO  o.eclipse.m2e.core.internal.Bundles - 	Entry: C:\Users\leyre\.p2\pool\plugins\org.eclipse.m2e.maven.runtime_3.9.700.20240602-2313\jars\maven-resolver-named-locks-1.9.20.jar
2025-11-02 19:36:08,134 [Worker-42: Launching mavenrun-da4ce445-9823-4da9-9e23-bf5ed9c1a7b4] INFO  o.eclipse.m2e.core.internal.Bundles - 	Entry: C:\Users\leyre\.p2\pool\plugins\org.eclipse.m2e.maven.runtime_3.9.700.20240602-2313\jars\maven-resolver-provider-3.9.7.jar
2025-11-02 19:36:08,135 [Worker-42: Launching mavenrun-da4ce445-9823-4da9-9e23-bf5ed9c1a7b4] INFO  o.eclipse.m2e.core.internal.Bundles - 	Entry: C:\Users\leyre\.p2\pool\plugins\org.eclipse.m2e.maven.runtime_3.9.700.20240602-2313\jars\maven-resolver-spi-1.9.20.jar
2025-11-02 19:36:08,135 [Worker-42: Launching mavenrun-da4ce445-9823-4da9-9e23-bf5ed9c1a7b4] INFO  o.eclipse.m2e.core.internal.Bundles - 	Entry: C:\Users\leyre\.p2\pool\plugins\org.eclipse.m2e.maven.runtime_3.9.700.20240602-2313\jars\maven-resolver-transport-file-1.9.20.jar
2025-11-02 19:36:08,136 [Worker-42: Launching mavenrun-da4ce445-9823-4da9-9e23-bf5ed9c1a7b4] INFO  o.eclipse.m2e.core.internal.Bundles - 	Entry: C:\Users\leyre\.p2\pool\plugins\org.eclipse.m2e.maven.runtime_3.9.700.20240602-2313\jars\maven-resolver-transport-http-1.9.20.jar
2025-11-02 19:36:08,136 [Worker-42: Launching mavenrun-da4ce445-9823-4da9-9e23-bf5ed9c1a7b4] INFO  o.eclipse.m2e.core.internal.Bundles - 	Entry: C:\Users\leyre\.p2\pool\plugins\org.eclipse.m2e.maven.runtime_3.9.700.20240602-2313\jars\maven-resolver-transport-wagon-1.9.20.jar
2025-11-02 19:36:08,137 [Worker-42: Launching mavenrun-da4ce445-9823-4da9-9e23-bf5ed9c1a7b4] INFO  o.eclipse.m2e.core.internal.Bundles - 	Entry: C:\Users\leyre\.p2\pool\plugins\org.eclipse.m2e.maven.runtime_3.9.700.20240602-2313\jars\maven-resolver-util-1.9.20.jar
2025-11-02 19:36:08,137 [Worker-42: Launching mavenrun-da4ce445-9823-4da9-9e23-bf5ed9c1a7b4] INFO  o.eclipse.m2e.core.internal.Bundles - 	Entry: C:\Users\leyre\.p2\pool\plugins\org.eclipse.m2e.maven.runtime_3.9.700.20240602-2313\jars\maven-settings-3.9.7.jar
2025-11-02 19:36:08,138 [Worker-42: Launching mavenrun-da4ce445-9823-4da9-9e23-bf5ed9c1a7b4] INFO  o.eclipse.m2e.core.internal.Bundles - 	Entry: C:\Users\leyre\.p2\pool\plugins\org.eclipse.m2e.maven.runtime_3.9.700.20240602-2313\jars\maven-settings-builder-3.9.7.jar
2025-11-02 19:36:08,138 [Worker-42: Launching mavenrun-da4ce445-9823-4da9-9e23-bf5ed9c1a7b4] INFO  o.eclipse.m2e.core.internal.Bundles - 	Entry: C:\Users\leyre\.p2\pool\plugins\org.eclipse.m2e.maven.runtime_3.9.700.20240602-2313\jars\maven-shared-utils-3.4.2.jar
2025-11-02 19:36:08,139 [Worker-42: Launching mavenrun-da4ce445-9823-4da9-9e23-bf5ed9c1a7b4] INFO  o.eclipse.m2e.core.internal.Bundles - 	Entry: C:\Users\leyre\.p2\pool\plugins\org.eclipse.m2e.maven.runtime_3.9.700.20240602-2313\jars\org.eclipse.sisu.inject-0.9.0.M2.jar
2025-11-02 19:36:08,139 [Worker-42: Launching mavenrun-da4ce445-9823-4da9-9e23-bf5ed9c1a7b4] INFO  o.eclipse.m2e.core.internal.Bundles - 	Entry: C:\Users\leyre\.p2\pool\plugins\org.eclipse.m2e.maven.runtime_3.9.700.20240602-2313\jars\org.eclipse.sisu.plexus-0.9.0.M2.jar
2025-11-02 19:36:08,139 [Worker-42: Launching mavenrun-da4ce445-9823-4da9-9e23-bf5ed9c1a7b4] INFO  o.eclipse.m2e.core.internal.Bundles - 	Entry: C:\Users\leyre\.p2\pool\plugins\org.eclipse.m2e.maven.runtime_3.9.700.20240602-2313\jars\plexus-build-api-0.0.7.jar
2025-11-02 19:36:08,140 [Worker-42: Launching mavenrun-da4ce445-9823-4da9-9e23-bf5ed9c1a7b4] INFO  o.eclipse.m2e.core.internal.Bundles - 	Entry: C:\Users\leyre\.p2\pool\plugins\org.eclipse.m2e.maven.runtime_3.9.700.20240602-2313\jars\plexus-build-api-1.2.0.jar
2025-11-02 19:36:08,140 [Worker-42: Launching mavenrun-da4ce445-9823-4da9-9e23-bf5ed9c1a7b4] INFO  o.eclipse.m2e.core.internal.Bundles - 	Entry: C:\Users\leyre\.p2\pool\plugins\org.eclipse.m2e.maven.runtime_3.9.700.20240602-2313\jars\plexus-cipher-2.0.jar
2025-11-02 19:36:08,140 [Worker-42: Launching mavenrun-da4ce445-9823-4da9-9e23-bf5ed9c1a7b4] INFO  o.eclipse.m2e.core.internal.Bundles - 	Entry: C:\Users\leyre\.p2\pool\plugins\org.eclipse.m2e.maven.runtime_3.9.700.20240602-2313\jars\plexus-classworlds-2.8.0.jar
2025-11-02 19:36:08,141 [Worker-42: Launching mavenrun-da4ce445-9823-4da9-9e23-bf5ed9c1a7b4] INFO  o.eclipse.m2e.core.internal.Bundles - 	Entry: C:\Users\leyre\.p2\pool\plugins\org.eclipse.m2e.maven.runtime_3.9.700.20240602-2313\jars\plexus-component-annotations-2.1.0.jar
2025-11-02 19:36:08,141 [Worker-42: Launching mavenrun-da4ce445-9823-4da9-9e23-bf5ed9c1a7b4] INFO  o.eclipse.m2e.core.internal.Bundles - 	Entry: C:\Users\leyre\.p2\pool\plugins\org.eclipse.m2e.maven.runtime_3.9.700.20240602-2313\jars\plexus-interpolation-1.27.jar
2025-11-02 19:36:08,141 [Worker-42: Launching mavenrun-da4ce445-9823-4da9-9e23-bf5ed9c1a7b4] INFO  o.eclipse.m2e.core.internal.Bundles - 	Entry: C:\Users\leyre\.p2\pool\plugins\org.eclipse.m2e.maven.runtime_3.9.700.20240602-2313\jars\plexus-sec-dispatcher-2.0.jar
2025-11-02 19:36:08,141 [Worker-42: Launching mavenrun-da4ce445-9823-4da9-9e23-bf5ed9c1a7b4] INFO  o.eclipse.m2e.core.internal.Bundles - 	Entry: C:\Users\leyre\.p2\pool\plugins\org.eclipse.m2e.maven.runtime_3.9.700.20240602-2313\jars\plexus-utils-3.5.1.jar
2025-11-02 19:36:08,141 [Worker-42: Launching mavenrun-da4ce445-9823-4da9-9e23-bf5ed9c1a7b4] INFO  o.eclipse.m2e.core.internal.Bundles - 	Entry: C:\Users\leyre\.p2\pool\plugins\org.eclipse.m2e.maven.runtime_3.9.700.20240602-2313\jars\wagon-file-3.5.3.jar
2025-11-02 19:36:08,142 [Worker-42: Launching mavenrun-da4ce445-9823-4da9-9e23-bf5ed9c1a7b4] INFO  o.eclipse.m2e.core.internal.Bundles - 	Entry: C:\Users\leyre\.p2\pool\plugins\org.eclipse.m2e.maven.runtime_3.9.700.20240602-2313\jars\wagon-http-3.5.3.jar
2025-11-02 19:36:08,142 [Worker-42: Launching mavenrun-da4ce445-9823-4da9-9e23-bf5ed9c1a7b4] INFO  o.eclipse.m2e.core.internal.Bundles - 	Entry: C:\Users\leyre\.p2\pool\plugins\org.eclipse.m2e.maven.runtime_3.9.700.20240602-2313\jars\wagon-http-shared-3.5.3.jar
2025-11-02 19:36:08,142 [Worker-42: Launching mavenrun-da4ce445-9823-4da9-9e23-bf5ed9c1a7b4] INFO  o.eclipse.m2e.core.internal.Bundles - 	Entry: C:\Users\leyre\.p2\pool\plugins\org.eclipse.m2e.maven.runtime_3.9.700.20240602-2313\jars\wagon-provider-api-3.5.3.jar
2025-11-02 19:36:08,149 [Worker-42: Launching mavenrun-da4ce445-9823-4da9-9e23-bf5ed9c1a7b4] INFO  o.eclipse.m2e.core.internal.Bundles - getClasspathEntries(Bundle=com.google.guava_33.2.0.jre [10])
2025-11-02 19:36:08,150 [Worker-42: Launching mavenrun-da4ce445-9823-4da9-9e23-bf5ed9c1a7b4] INFO  o.eclipse.m2e.core.internal.Bundles - 	Entry: C:\Users\leyre\.p2\pool\plugins\com.google.guava_33.2.0.jre.jar
2025-11-02 19:36:08,150 [Worker-42: Launching mavenrun-da4ce445-9823-4da9-9e23-bf5ed9c1a7b4] INFO  o.eclipse.m2e.core.internal.Bundles - getClasspathEntries(Bundle=slf4j.api_2.0.16 [520])
2025-11-02 19:36:08,151 [Worker-42: Launching mavenrun-da4ce445-9823-4da9-9e23-bf5ed9c1a7b4] INFO  o.eclipse.m2e.core.internal.Bundles - 	Entry: C:\Users\leyre\.p2\pool\plugins\slf4j.api_2.0.16.jar
2025-11-02 19:36:08,151 [Worker-42: Launching mavenrun-da4ce445-9823-4da9-9e23-bf5ed9c1a7b4] INFO  o.eclipse.m2e.core.internal.Bundles - getClasspathEntries(Bundle=jakarta.inject.jakarta.inject-api_1.0.5 [21])
2025-11-02 19:36:08,152 [Worker-42: Launching mavenrun-da4ce445-9823-4da9-9e23-bf5ed9c1a7b4] INFO  o.eclipse.m2e.core.internal.Bundles - 	Entry: C:\Users\leyre\.p2\pool\plugins\jakarta.inject.jakarta.inject-api_1.0.5.jar
2025-11-02 19:36:08,152 [Worker-42: Launching mavenrun-da4ce445-9823-4da9-9e23-bf5ed9c1a7b4] INFO  o.eclipse.m2e.core.internal.Bundles - getClasspathEntries(Bundle=javax.annotation_1.3.5.v20200909-1856 [24])
2025-11-02 19:36:08,152 [Worker-42: Launching mavenrun-da4ce445-9823-4da9-9e23-bf5ed9c1a7b4] INFO  o.eclipse.m2e.core.internal.Bundles - 	Entry: C:\Users\leyre\.p2\pool\plugins\javax.annotation_1.3.5.v20200909-1856.jar
2025-11-02 19:36:08,152 [Worker-42: Launching mavenrun-da4ce445-9823-4da9-9e23-bf5ed9c1a7b4] INFO  o.eclipse.m2e.core.internal.Bundles - getClasspathEntries(Bundle=org.apache.commons.cli_1.8.0 [47])
2025-11-02 19:36:08,153 [Worker-42: Launching mavenrun-da4ce445-9823-4da9-9e23-bf5ed9c1a7b4] INFO  o.eclipse.m2e.core.internal.Bundles - 	Entry: C:\Users\leyre\.p2\pool\plugins\org.apache.commons.cli_1.8.0.jar
2025-11-02 19:36:08,153 [Worker-42: Launching mavenrun-da4ce445-9823-4da9-9e23-bf5ed9c1a7b4] INFO  o.eclipse.m2e.core.internal.Bundles - getClasspathEntries(Bundle=org.apache.commons.commons-codec_1.16.0 [48])
2025-11-02 19:36:08,154 [Worker-42: Launching mavenrun-da4ce445-9823-4da9-9e23-bf5ed9c1a7b4] INFO  o.eclipse.m2e.core.internal.Bundles - 	Entry: C:\Users\leyre\.p2\pool\plugins\org.apache.commons.commons-codec_1.16.0.jar
2025-11-02 19:36:08,154 [Worker-42: Launching mavenrun-da4ce445-9823-4da9-9e23-bf5ed9c1a7b4] INFO  o.eclipse.m2e.core.internal.Bundles - getClasspathEntries(Bundle=org.apache.commons.lang3_3.14.0 [54])
2025-11-02 19:36:08,154 [Worker-42: Launching mavenrun-da4ce445-9823-4da9-9e23-bf5ed9c1a7b4] INFO  o.eclipse.m2e.core.internal.Bundles - 	Entry: C:\Users\leyre\.p2\pool\plugins\org.apache.commons.lang3_3.14.0.jar
2025-11-02 19:36:08,155 [Worker-42: Launching mavenrun-da4ce445-9823-4da9-9e23-bf5ed9c1a7b4] INFO  o.eclipse.m2e.core.internal.Bundles - getClasspathEntries(Bundle=com.google.guava.failureaccess_1.0.2 [11])
2025-11-02 19:36:08,155 [Worker-42: Launching mavenrun-da4ce445-9823-4da9-9e23-bf5ed9c1a7b4] INFO  o.eclipse.m2e.core.internal.Bundles - 	Entry: C:\Users\leyre\.p2\pool\plugins\com.google.guava.failureaccess_1.0.2.jar
2025-11-02 19:36:08,165 [Worker-42: Launching mavenrun-da4ce445-9823-4da9-9e23-bf5ed9c1a7b4] INFO  o.e.m.i.launch.MavenLaunchDelegate - Run build in "C:\Users\leyre\AppData\Local\Temp\m2e-archetypeGenerator388832109955991455":
2025-11-02 19:36:08,174 [Worker-42: Launching mavenrun-da4ce445-9823-4da9-9e23-bf5ed9c1a7b4] INFO  o.e.m.i.launch.MavenLaunchDelegate -  mvn  -DjavaCompilerVersion=17 -DjunitVersion=5.11.0 -DarchetypeGroupId=org.apache.maven.archetypes -DarchetypeArtifactId=maven-archetype-quickstart -DarchetypeVersion=1.5 -DgroupId=com.leyre.romero -DartifactId=PSP-Proyecto-Tamagotchis -Dversion=0.0.1-SNAPSHOT -Dpackage=com.leyre.romero.PSP_Proyecto_Tamagotchis -DoutputDirectory="C:\Users\leyre\Desktop\DAM 2 25-26\PSP\Tamagotchis" -Dstyle.color=always -U archetype:generate
2025-11-02 19:36:29,576 [Worker-40: Creating maven-archetype-quickstart] INFO  o.e.m.c.i.p.ProjectConfigurationManager - Collecting project info '/pom.xml' C:\Users\leyre\Desktop\DAM 2 25-26\PSP\Tamagotchis\PSP-Proyecto-Tamagotchis\pom.xml
2025-11-02 19:36:33,749 [Worker-40: Creating maven-archetype-quickstart] INFO  o.e.m.c.i.l.LifecycleMappingFactory - Using org.eclipse.m2e.jdt.JarLifecycleMapping lifecycle mapping for MavenProject: com.leyre.romero:PSP-Proyecto-Tamagotchis:0.0.1-SNAPSHOT @ C:\Users\leyre\Desktop\DAM 2 25-26\PSP\Tamagotchis\PSP-Proyecto-Tamagotchis\pom.xml.
2025-11-02 19:36:34,201 [Worker-40: Creating maven-archetype-quickstart] INFO  o.e.m.c.i.e.AbstractTransferListenerAdapter - Downloading https://repo.maven.apache.org/maven2/org/junit/jupiter/junit-jupiter-api/5.11.0/junit-jupiter-api-5.11.0.pom
2025-11-02 19:36:34,251 [Worker-40: Creating maven-archetype-quickstart] INFO  o.e.m.c.i.e.AbstractTransferListenerAdapter - Downloaded https://repo.maven.apache.org/maven2/org/junit/jupiter/junit-jupiter-api/5.11.0/junit-jupiter-api-5.11.0.pom
2025-11-02 19:36:34,348 [Worker-40: Creating maven-archetype-quickstart] INFO  o.e.m.c.i.e.AbstractTransferListenerAdapter - Downloading https://repo.maven.apache.org/maven2/org/opentest4j/opentest4j/1.3.0/opentest4j-1.3.0.pom
2025-11-02 19:36:34,437 [Worker-40: Creating maven-archetype-quickstart] INFO  o.e.m.c.i.e.AbstractTransferListenerAdapter - Downloaded https://repo.maven.apache.org/maven2/org/opentest4j/opentest4j/1.3.0/opentest4j-1.3.0.pom
2025-11-02 19:36:34,558 [Worker-40: Creating maven-archetype-quickstart] INFO  o.e.m.c.i.e.AbstractTransferListenerAdapter - Downloading https://repo.maven.apache.org/maven2/org/junit/platform/junit-platform-commons/1.11.0/junit-platform-commons-1.11.0.pom
2025-11-02 19:36:34,688 [Worker-40: Creating maven-archetype-quickstart] INFO  o.e.m.c.i.e.AbstractTransferListenerAdapter - Downloaded https://repo.maven.apache.org/maven2/org/junit/platform/junit-platform-commons/1.11.0/junit-platform-commons-1.11.0.pom
2025-11-02 19:36:35,078 [Worker-40: Creating maven-archetype-quickstart] INFO  o.e.m.c.i.e.AbstractTransferListenerAdapter - Downloading https://repo.maven.apache.org/maven2/org/apiguardian/apiguardian-api/1.1.2/apiguardian-api-1.1.2.pom
2025-11-02 19:36:35,143 [Worker-40: Creating maven-archetype-quickstart] INFO  o.e.m.c.i.e.AbstractTransferListenerAdapter - Downloaded https://repo.maven.apache.org/maven2/org/apiguardian/apiguardian-api/1.1.2/apiguardian-api-1.1.2.pom
2025-11-02 19:36:35,277 [Worker-40: Creating maven-archetype-quickstart] INFO  o.e.m.c.i.e.AbstractTransferListenerAdapter - Downloading https://repo.maven.apache.org/maven2/org/junit/jupiter/junit-jupiter-params/5.11.0/junit-jupiter-params-5.11.0.pom
2025-11-02 19:36:35,397 [Worker-40: Creating maven-archetype-quickstart] INFO  o.e.m.c.i.e.AbstractTransferListenerAdapter - Downloaded https://repo.maven.apache.org/maven2/org/junit/jupiter/junit-jupiter-params/5.11.0/junit-jupiter-params-5.11.0.pom
2025-11-02 19:36:35,608 [Worker-40: Creating maven-archetype-quickstart] INFO  o.e.m.c.i.e.AbstractTransferListenerAdapter - Downloading https://repo.maven.apache.org/maven2/org/junit/jupiter/junit-jupiter-api/5.11.0/junit-jupiter-api-5.11.0.jar
2025-11-02 19:36:35,953 [Worker-40: Creating maven-archetype-quickstart] INFO  o.e.m.c.i.e.AbstractTransferListenerAdapter - Downloaded https://repo.maven.apache.org/maven2/org/junit/jupiter/junit-jupiter-api/5.11.0/junit-jupiter-api-5.11.0.jar
2025-11-02 19:36:36,103 [BasicRepositoryConnector-repo.maven.apache.org-0-1] INFO  o.e.m.c.i.e.AbstractTransferListenerAdapter - Downloading https://repo.maven.apache.org/maven2/org/junit/platform/junit-platform-commons/1.11.0/junit-platform-commons-1.11.0.jar
2025-11-02 19:36:36,218 [BasicRepositoryConnector-repo.maven.apache.org-0-3] INFO  o.e.m.c.i.e.AbstractTransferListenerAdapter - Downloading https://repo.maven.apache.org/maven2/org/junit/jupiter/junit-jupiter-params/5.11.0/junit-jupiter-params-5.11.0.jar
2025-11-02 19:36:36,229 [BasicRepositoryConnector-repo.maven.apache.org-0-1] INFO  o.e.m.c.i.e.AbstractTransferListenerAdapter - Downloaded https://repo.maven.apache.org/maven2/org/junit/platform/junit-platform-commons/1.11.0/junit-platform-commons-1.11.0.jar
2025-11-02 19:36:36,304 [BasicRepositoryConnector-repo.maven.apache.org-0-0] INFO  o.e.m.c.i.e.AbstractTransferListenerAdapter - Downloading https://repo.maven.apache.org/maven2/org/opentest4j/opentest4j/1.3.0/opentest4j-1.3.0.jar
2025-11-02 19:36:36,317 [BasicRepositoryConnector-repo.maven.apache.org-0-2] INFO  o.e.m.c.i.e.AbstractTransferListenerAdapter - Downloading https://repo.maven.apache.org/maven2/org/apiguardian/apiguardian-api/1.1.2/apiguardian-api-1.1.2.jar
2025-11-02 19:36:36,689 [BasicRepositoryConnector-repo.maven.apache.org-0-2] INFO  o.e.m.c.i.e.AbstractTransferListenerAdapter - Downloaded https://repo.maven.apache.org/maven2/org/apiguardian/apiguardian-api/1.1.2/apiguardian-api-1.1.2.jar
2025-11-02 19:36:37,021 [BasicRepositoryConnector-repo.maven.apache.org-0-3] INFO  o.e.m.c.i.e.AbstractTransferListenerAdapter - Downloaded https://repo.maven.apache.org/maven2/org/junit/jupiter/junit-jupiter-params/5.11.0/junit-jupiter-params-5.11.0.jar
2025-11-02 19:36:37,220 [BasicRepositoryConnector-repo.maven.apache.org-0-0] INFO  o.e.m.c.i.e.AbstractTransferListenerAdapter - Downloaded https://repo.maven.apache.org/maven2/org/opentest4j/opentest4j/1.3.0/opentest4j-1.3.0.jar
2025-11-02 19:36:40,598 [Worker-40: Creating maven-archetype-quickstart] INFO  o.e.m.j.i.AbstractJavaProjectConfigurator - Adding source folder /PSP-Proyecto-Tamagotchis/src/main/java
2025-11-02 19:36:40,604 [Worker-40: Creating maven-archetype-quickstart] INFO  o.e.m.j.i.AbstractJavaProjectConfigurator - Adding resource folder /PSP-Proyecto-Tamagotchis/src/main/resources
2025-11-02 19:36:40,637 [Worker-40: Creating maven-archetype-quickstart] INFO  o.e.m.j.i.AbstractJavaProjectConfigurator - Adding source folder /PSP-Proyecto-Tamagotchis/src/test/java
2025-11-02 19:36:40,638 [Worker-40: Creating maven-archetype-quickstart] INFO  o.e.m.j.i.AbstractJavaProjectConfigurator - Adding resource folder /PSP-Proyecto-Tamagotchis/src/test/resources
2025-11-02 19:36:40,807 [Worker-44: Download sources and javadoc] INFO  o.e.m.c.i.e.AbstractTransferListenerAdapter - Downloading https://repo.maven.apache.org/maven2/org/junit/jupiter/junit-jupiter-api/5.11.0/junit-jupiter-api-5.11.0-sources.jar
2025-11-02 19:36:41,190 [Worker-44: Download sources and javadoc] INFO  o.e.m.c.i.e.AbstractTransferListenerAdapter - Downloaded https://repo.maven.apache.org/maven2/org/junit/jupiter/junit-jupiter-api/5.11.0/junit-jupiter-api-5.11.0-sources.jar
2025-11-02 19:36:41,200 [Worker-44: Download sources and javadoc] INFO  o.e.m.j.internal.DownloadSourcesJob - Downloaded sources for org.junit.jupiter:junit-jupiter-api:5.11.0
2025-11-02 19:36:41,349 [Worker-44: Download sources and javadoc] INFO  o.e.m.c.i.e.AbstractTransferListenerAdapter - Downloading https://repo.maven.apache.org/maven2/org/opentest4j/opentest4j/1.3.0/opentest4j-1.3.0-sources.jar
2025-11-02 19:36:41,649 [Worker-40: Creating maven-archetype-quickstart] INFO  o.e.m.c.i.p.ProjectConfigurationManager - Imported and configured 1 project(s) in 12 sec
2025-11-02 19:36:41,965 [Worker-44: Download sources and javadoc] INFO  o.e.m.c.i.e.AbstractTransferListenerAdapter - Downloaded https://repo.maven.apache.org/maven2/org/opentest4j/opentest4j/1.3.0/opentest4j-1.3.0-sources.jar
2025-11-02 19:36:41,977 [Worker-44: Download sources and javadoc] INFO  o.e.m.j.internal.DownloadSourcesJob - Downloaded sources for org.opentest4j:opentest4j:1.3.0
2025-11-02 19:36:42,273 [Worker-44: Download sources and javadoc] INFO  o.e.m.c.i.e.AbstractTransferListenerAdapter - Downloading https://repo.maven.apache.org/maven2/org/junit/platform/junit-platform-commons/1.11.0/junit-platform-commons-1.11.0-sources.jar
2025-11-02 19:36:42,452 [Worker-44: Download sources and javadoc] INFO  o.e.m.c.i.e.AbstractTransferListenerAdapter - Downloaded https://repo.maven.apache.org/maven2/org/junit/platform/junit-platform-commons/1.11.0/junit-platform-commons-1.11.0-sources.jar
2025-11-02 19:36:42,464 [Worker-44: Download sources and javadoc] INFO  o.e.m.j.internal.DownloadSourcesJob - Downloaded sources for org.junit.platform:junit-platform-commons:1.11.0
2025-11-02 19:36:42,674 [Worker-44: Download sources and javadoc] INFO  o.e.m.c.i.e.AbstractTransferListenerAdapter - Downloading https://repo.maven.apache.org/maven2/org/apiguardian/apiguardian-api/1.1.2/apiguardian-api-1.1.2-sources.jar
2025-11-02 19:36:42,875 [Worker-44: Download sources and javadoc] INFO  o.e.m.c.i.e.AbstractTransferListenerAdapter - Downloaded https://repo.maven.apache.org/maven2/org/apiguardian/apiguardian-api/1.1.2/apiguardian-api-1.1.2-sources.jar
2025-11-02 19:36:42,887 [Worker-44: Download sources and javadoc] INFO  o.e.m.j.internal.DownloadSourcesJob - Downloaded sources for org.apiguardian:apiguardian-api:1.1.2
2025-11-02 19:36:43,089 [Worker-44: Download sources and javadoc] INFO  o.e.m.c.i.e.AbstractTransferListenerAdapter - Downloading https://repo.maven.apache.org/maven2/org/junit/jupiter/junit-jupiter-params/5.11.0/junit-jupiter-params-5.11.0-sources.jar
2025-11-02 19:36:43,230 [Worker-44: Download sources and javadoc] INFO  o.e.m.c.i.e.AbstractTransferListenerAdapter - Downloaded https://repo.maven.apache.org/maven2/org/junit/jupiter/junit-jupiter-params/5.11.0/junit-jupiter-params-5.11.0-sources.jar
2025-11-02 19:36:43,248 [Worker-44: Download sources and javadoc] INFO  o.e.m.j.internal.DownloadSourcesJob - Downloaded sources for org.junit.jupiter:junit-jupiter-params:5.11.0
2025-11-02 19:36:43,814 [Worker-28: Building] INFO  o.a.m.s.f.DefaultMavenResourcesFiltering - skip non existing resourceDirectory C:\Users\leyre\Desktop\DAM 2 25-26\PSP\Tamagotchis\PSP-Proyecto-Tamagotchis\src\main\resources
2025-11-02 19:36:43,827 [Worker-28: Building] INFO  o.a.m.s.f.DefaultMavenResourcesFiltering - skip non existing resourceDirectory C:\Users\leyre\Desktop\DAM 2 25-26\PSP\Tamagotchis\PSP-Proyecto-Tamagotchis\src\test\resources
2025-11-02 19:58:55,390 [Worker-3: Loading available Gradle versions] INFO  o.e.b.c.i.u.g.PublishedGradleVersions - Gradle version information cache is up-to-date. Trying to read.
